<?xml version="1.0" encoding="UTF-8"?>
<!-- Generated by org.testng.reporters.JUnitReportReporter -->
<testsuite hostname="LAPTOP-B9ST6V2O" failures="0" tests="2" name="exercise.TC_01_ServiceNow_Login_Positive_Negative" time="50.032" errors="0" timestamp="2022-12-03T20:45:14 IST" skipped="0">
  <testcase classname="exercise.TC_01_ServiceNow_Login_Positive_Negative" name="verify_login_positive_feature" time="33.119"/>
  <system-out>
    <![CDATA[verify title is ServiceNow
verify username text field has label of User name
enter username
verify password text field has label of Password
enter password
verify forgot password is visible to the user
verify user can see the login button
ServiceNow HomePage Title >>> ServiceNow]]>
  </system-out>
  <testcase classname="exercise.TC_01_ServiceNow_Login_Positive_Negative" name="verify_login_negative_feature" time="16.913"/>
  <system-out>
    <![CDATA[verify title is ServiceNow
click on login button
enter username
click on login button]]>
  </system-out>
</testsuite> <!-- exercise.TC_01_ServiceNow_Login_Positive_Negative -->
