<?xml version="1.0" encoding="UTF-8"?>
<!-- Generated by org.testng.reporters.JUnitReportReporter -->
<testsuite hostname="LAPTOP-B9ST6V2O" failures="0" tests="1" name="exercise.TC_02_ForgotPassword" time="18.848" errors="0" timestamp="2022-12-04T10:18:21 IST" skipped="0">
  <testcase classname="exercise.TC_02_ForgotPassword" name="verify_forgotPassword_feature" time="18.848"/>
  <system-out>
    <![CDATA[user should see the forgot password
click the forgot password
user should see three tabs as Identify, Verify & Reset
user should see the username label and text field
user should see the next button
enter username
click on the next button
verify error message Characters do not match, try again]]>
  </system-out>
</testsuite> <!-- exercise.TC_02_ForgotPassword -->
